<?xml version="1.0" encoding="UTF-8"?>
<coverage generated="1786611835506" clover="3.2.0">
  <project timestamp="1786611835506" name="All files">
    <metrics statements="58" coveredstatements="56" conditionals="35" coveredconditionals="32" methods="17" coveredmethods="16" elements="110" coveredelements="104" complexity="0" loc="58" ncloc="58" packages="1" files="1" classes="1"/>
    <file name="scan-utils.ts" path="C:\Users\Kolee\proj\bpxai-landing-page\lib\ronway\scan-utils.ts">
      <metrics statements="58" coveredstatements="56" conditionals="35" coveredconditionals="32" methods="17" coveredmethods="16"/>
      <line num="31" count="11" type="stmt"/>
      <line num="32" count="11" type="stmt"/>
      <line num="33" count="139" type="cond" truecount="2" falsecount="0"/>
      <line num="35" count="6" type="stmt"/>
      <line num="46" count="2" type="cond" truecount="2" falsecount="0"/>
      <line num="54" count="2" type="stmt"/>
      <line num="55" count="2" type="cond" truecount="2" falsecount="0"/>
      <line num="56" count="1" type="stmt"/>
      <line num="64" count="2" type="stmt"/>
      <line num="65" count="2" type="cond" truecount="2" falsecount="0"/>
      <line num="66" count="1" type="stmt"/>
      <line num="77" count="0" type="stmt"/>
      <line num="81" count="34" type="cond" truecount="1" falsecount="1"/>
      <line num="85" count="7" type="stmt"/>
      <line num="86" count="7" type="stmt"/>
      <line num="88" count="7" type="cond" truecount="5" falsecount="0"/>
      <line num="89" count="3" type="stmt"/>
      <line num="101" count="6" type="stmt"/>
      <line num="102" count="6" type="stmt"/>
      <line num="103" count="13" type="stmt"/>
      <line num="104" count="13" type="cond" truecount="2" falsecount="0"/>
      <line num="105" count="7" type="stmt"/>
      <line num="108" count="6" type="stmt"/>
      <line num="109" count="6" type="stmt"/>
      <line num="110" count="7" type="stmt"/>
      <line num="111" count="7" type="stmt"/>
      <line num="113" count="13" type="cond" truecount="2" falsecount="0"/>
      <line num="118" count="7" type="stmt"/>
      <line num="125" count="12" type="stmt"/>
      <line num="128" count="6" type="stmt"/>
      <line num="140" count="2" type="stmt"/>
      <line num="142" count="4" type="stmt"/>
      <line num="143" count="4" type="cond" truecount="2" falsecount="0"/>
      <line num="144" count="1" type="cond" truecount="1" falsecount="1"/>
      <line num="145" count="0" type="stmt"/>
      <line num="151" count="6" type="cond" truecount="2" falsecount="0"/>
      <line num="152" count="5" type="stmt"/>
      <line num="169" count="6" type="stmt"/>
      <line num="170" count="6" type="stmt"/>
      <line num="171" count="6" type="stmt"/>
      <line num="172" count="6" type="stmt"/>
      <line num="173" count="6" type="stmt"/>
      <line num="174" count="6" type="stmt"/>
      <line num="175" count="6" type="stmt"/>
      <line num="198" count="3" type="cond" truecount="2" falsecount="0"/>
      <line num="199" count="5" type="stmt"/>
      <line num="201" count="2" type="stmt"/>
      <line num="202" count="2" type="stmt"/>
      <line num="203" count="2" type="cond" truecount="2" falsecount="0"/>
      <line num="204" count="2" type="cond" truecount="1" falsecount="1"/>
      <line num="206" count="14" type="stmt"/>
      <line num="208" count="2" type="stmt"/>
      <line num="209" count="2" type="stmt"/>
      <line num="210" count="2" type="stmt"/>
      <line num="211" count="9" type="cond" truecount="2" falsecount="0"/>
      <line num="212" count="9" type="stmt"/>
      <line num="213" count="9" type="stmt"/>
      <line num="215" count="2" type="stmt"/>
    </file>
  </project>
</coverage>
