{"C:\\Users\\Kolee\\proj\\bpxai-landing-page\\lib\\ronway\\scan-utils.ts": {"path":"C:\\Users\\Kolee\\proj\\bpxai-landing-page\\lib\\ronway\\scan-utils.ts","statementMap":{"0":{"start":{"line":31,"column":21},"end":{"line":31,"column":null}},"1":{"start":{"line":32,"column":2},"end":{"line":34,"column":null}},"2":{"start":{"line":33,"column":4},"end":{"line":33,"column":null}},"3":{"start":{"line":33,"column":34},"end":{"line":33,"column":null}},"4":{"start":{"line":35,"column":2},"end":{"line":35,"column":null}},"5":{"start":{"line":46,"column":2},"end":{"line":46,"column":null}},"6":{"start":{"line":54,"column":17},"end":{"line":54,"column":null}},"7":{"start":{"line":55,"column":2},"end":{"line":55,"column":null}},"8":{"start":{"line":55,"column":38},"end":{"line":55,"column":null}},"9":{"start":{"line":56,"column":2},"end":{"line":56,"column":null}},"10":{"start":{"line":64,"column":17},"end":{"line":64,"column":null}},"11":{"start":{"line":65,"column":2},"end":{"line":65,"column":null}},"12":{"start":{"line":65,"column":38},"end":{"line":65,"column":null}},"13":{"start":{"line":66,"column":2},"end":{"line":72,"column":null}},"14":{"start":{"line":77,"column":2},"end":{"line":77,"column":null}},"15":{"start":{"line":81,"column":2},"end":{"line":81,"column":null}},"16":{"start":{"line":85,"column":13},"end":{"line":85,"column":null}},"17":{"start":{"line":86,"column":13},"end":{"line":86,"column":null}},"18":{"start":{"line":88,"column":2},"end":{"line":88,"column":null}},"19":{"start":{"line":88,"column":57},"end":{"line":88,"column":null}},"20":{"start":{"line":89,"column":2},"end":{"line":89,"column":null}},"21":{"start":{"line":101,"column":19},"end":{"line":101,"column":null}},"22":{"start":{"line":102,"column":2},"end":{"line":106,"column":null}},"23":{"start":{"line":103,"column":21},"end":{"line":103,"column":null}},"24":{"start":{"line":104,"column":4},"end":{"line":105,"column":null}},"25":{"start":{"line":104,"column":18},"end":{"line":104,"column":null}},"26":{"start":{"line":105,"column":9},"end":{"line":105,"column":null}},"27":{"start":{"line":108,"column":32},"end":{"line":108,"column":null}},"28":{"start":{"line":109,"column":2},"end":{"line":127,"column":null}},"29":{"start":{"line":110,"column":20},"end":{"line":110,"column":null}},"30":{"start":{"line":111,"column":23},"end":{"line":117,"column":null}},"31":{"start":{"line":113,"column":8},"end":{"line":115,"column":null}},"32":{"start":{"line":118,"column":4},"end":{"line":126,"column":null}},"33":{"start":{"line":125,"column":46},"end":{"line":125,"column":63}},"34":{"start":{"line":128,"column":2},"end":{"line":128,"column":null}},"35":{"start":{"line":140,"column":2},"end":{"line":146,"column":null}},"36":{"start":{"line":142,"column":6},"end":{"line":142,"column":null}},"37":{"start":{"line":143,"column":4},"end":{"line":143,"column":null}},"38":{"start":{"line":143,"column":26},"end":{"line":143,"column":null}},"39":{"start":{"line":144,"column":4},"end":{"line":144,"column":null}},"40":{"start":{"line":144,"column":37},"end":{"line":144,"column":null}},"41":{"start":{"line":145,"column":4},"end":{"line":145,"column":null}},"42":{"start":{"line":151,"column":2},"end":{"line":151,"column":null}},"43":{"start":{"line":151,"column":30},"end":{"line":151,"column":null}},"44":{"start":{"line":152,"column":2},"end":{"line":152,"column":null}},"45":{"start":{"line":169,"column":15},"end":{"line":169,"column":null}},"46":{"start":{"line":170,"column":16},"end":{"line":170,"column":null}},"47":{"start":{"line":171,"column":21},"end":{"line":171,"column":null}},"48":{"start":{"line":172,"column":18},"end":{"line":172,"column":null}},"49":{"start":{"line":173,"column":8},"end":{"line":173,"column":null}},"50":{"start":{"line":174,"column":16},"end":{"line":174,"column":null}},"51":{"start":{"line":175,"column":2},"end":{"line":182,"column":null}},"52":{"start":{"line":198,"column":2},"end":{"line":200,"column":null}},"53":{"start":{"line":199,"column":4},"end":{"line":199,"column":null}},"54":{"start":{"line":199,"column":56},"end":{"line":199,"column":61}},"55":{"start":{"line":201,"column":16},"end":{"line":201,"column":null}},"56":{"start":{"line":202,"column":2},"end":{"line":205,"column":null}},"57":{"start":{"line":202,"column":20},"end":{"line":202,"column":23}},"58":{"start":{"line":203,"column":4},"end":{"line":203,"column":null}},"59":{"start":{"line":203,"column":30},"end":{"line":203,"column":null}},"60":{"start":{"line":204,"column":4},"end":{"line":204,"column":null}},"61":{"start":{"line":204,"column":39},"end":{"line":204,"column":null}},"62":{"start":{"line":206,"column":18},"end":{"line":206,"column":null}},"63":{"start":{"line":206,"column":44},"end":{"line":206,"column":49}},"64":{"start":{"line":208,"column":45},"end":{"line":208,"column":null}},"65":{"start":{"line":209,"column":17},"end":{"line":209,"column":null}},"66":{"start":{"line":210,"column":2},"end":{"line":214,"column":null}},"67":{"start":{"line":211,"column":4},"end":{"line":211,"column":null}},"68":{"start":{"line":211,"column":29},"end":{"line":211,"column":null}},"69":{"start":{"line":212,"column":4},"end":{"line":212,"column":null}},"70":{"start":{"line":213,"column":4},"end":{"line":213,"column":null}},"71":{"start":{"line":215,"column":2},"end":{"line":215,"column":null}}},"fnMap":{"0":{"name":"getCategory","decl":{"start":{"line":30,"column":16},"end":{"line":30,"column":28}},"loc":{"start":{"line":30,"column":52},"end":{"line":36,"column":null}},"line":30},"1":{"name":"getRiskStyle","decl":{"start":{"line":45,"column":16},"end":{"line":45,"column":29}},"loc":{"start":{"line":45,"column":55},"end":{"line":47,"column":null}},"line":45},"2":{"name":"formatDate","decl":{"start":{"line":53,"column":16},"end":{"line":53,"column":27}},"loc":{"start":{"line":53,"column":48},"end":{"line":57,"column":null}},"line":53},"3":{"name":"formatDateTime","decl":{"start":{"line":63,"column":16},"end":{"line":63,"column":31}},"loc":{"start":{"line":63,"column":52},"end":{"line":73,"column":null}},"line":63},"4":{"name":"isIncomplete","decl":{"start":{"line":76,"column":16},"end":{"line":76,"column":29}},"loc":{"start":{"line":76,"column":55},"end":{"line":78,"column":null}},"line":76},"5":{"name":"severityRank","decl":{"start":{"line":80,"column":9},"end":{"line":80,"column":22}},"loc":{"start":{"line":80,"column":48},"end":{"line":82,"column":null}},"line":80},"6":{"name":"newestFirst","decl":{"start":{"line":84,"column":9},"end":{"line":84,"column":21}},"loc":{"start":{"line":84,"column":57},"end":{"line":90,"column":null}},"line":84},"7":{"name":"groupByDomain","decl":{"start":{"line":100,"column":16},"end":{"line":100,"column":30}},"loc":{"start":{"line":100,"column":65},"end":{"line":129,"column":null}},"line":100},"8":{"name":"(anonymous_8)","decl":{"start":{"line":111,"column":31},"end":{"line":111,"column":null}},"loc":{"start":{"line":113,"column":8},"end":{"line":115,"column":null}},"line":113},"9":{"name":"(anonymous_9)","decl":{"start":{"line":125,"column":31},"end":{"line":125,"column":37}},"loc":{"start":{"line":125,"column":46},"end":{"line":125,"column":63}},"line":125},"10":{"name":"sortDomainGroups","decl":{"start":{"line":139,"column":16},"end":{"line":139,"column":33}},"loc":{"start":{"line":139,"column":71},"end":{"line":147,"column":null}},"line":139},"11":{"name":"(anonymous_11)","decl":{"start":{"line":140,"column":21},"end":{"line":140,"column":27}},"loc":{"start":{"line":140,"column":36},"end":{"line":146,"column":3}},"line":140},"12":{"name":"clampPage","decl":{"start":{"line":150,"column":9},"end":{"line":150,"column":19}},"loc":{"start":{"line":150,"column":61},"end":{"line":153,"column":null}},"line":150},"13":{"name":"paginate","decl":{"start":{"line":164,"column":16},"end":{"line":164,"column":null}},"loc":{"start":{"line":168,"column":17},"end":{"line":183,"column":null}},"line":168},"14":{"name":"buildPageWindow","decl":{"start":{"line":194,"column":16},"end":{"line":194,"column":null}},"loc":{"start":{"line":197,"column":30},"end":{"line":216,"column":null}},"line":197},"15":{"name":"(anonymous_15)","decl":{"start":{"line":199,"column":43},"end":{"line":199,"column":47}},"loc":{"start":{"line":199,"column":56},"end":{"line":199,"column":61}},"line":199},"16":{"name":"(anonymous_16)","decl":{"start":{"line":206,"column":29},"end":{"line":206,"column":35}},"loc":{"start":{"line":206,"column":44},"end":{"line":206,"column":49}},"line":206}},"branchMap":{"0":{"loc":{"start":{"line":33,"column":4},"end":{"line":33,"column":null}},"type":"if","locations":[{"start":{"line":33,"column":4},"end":{"line":33,"column":null}},{"start":{},"end":{}}],"line":33},"1":{"loc":{"start":{"line":46,"column":9},"end":{"line":46,"column":null}},"type":"binary-expr","locations":[{"start":{"line":46,"column":9},"end":{"line":46,"column":44}},{"start":{"line":46,"column":44},"end":{"line":46,"column":null}}],"line":46},"2":{"loc":{"start":{"line":55,"column":2},"end":{"line":55,"column":null}},"type":"if","locations":[{"start":{"line":55,"column":2},"end":{"line":55,"column":null}},{"start":{},"end":{}}],"line":55},"3":{"loc":{"start":{"line":65,"column":2},"end":{"line":65,"column":null}},"type":"if","locations":[{"start":{"line":65,"column":2},"end":{"line":65,"column":null}},{"start":{},"end":{}}],"line":65},"4":{"loc":{"start":{"line":81,"column":9},"end":{"line":81,"column":null}},"type":"binary-expr","locations":[{"start":{"line":81,"column":9},"end":{"line":81,"column":30}},{"start":{"line":81,"column":30},"end":{"line":81,"column":null}}],"line":81},"5":{"loc":{"start":{"line":88,"column":2},"end":{"line":88,"column":null}},"type":"if","locations":[{"start":{"line":88,"column":2},"end":{"line":88,"column":null}},{"start":{},"end":{}}],"line":88},"6":{"loc":{"start":{"line":88,"column":6},"end":{"line":88,"column":57}},"type":"binary-expr","locations":[{"start":{"line":88,"column":6},"end":{"line":88,"column":26}},{"start":{"line":88,"column":26},"end":{"line":88,"column":46}},{"start":{"line":88,"column":46},"end":{"line":88,"column":57}}],"line":88},"7":{"loc":{"start":{"line":104,"column":4},"end":{"line":105,"column":null}},"type":"if","locations":[{"start":{"line":104,"column":4},"end":{"line":105,"column":null}},{"start":{"line":105,"column":9},"end":{"line":105,"column":null}}],"line":104},"8":{"loc":{"start":{"line":113,"column":8},"end":{"line":115,"column":null}},"type":"cond-expr","locations":[{"start":{"line":114,"column":12},"end":{"line":114,"column":null}},{"start":{"line":115,"column":12},"end":{"line":115,"column":null}}],"line":113},"9":{"loc":{"start":{"line":143,"column":4},"end":{"line":143,"column":null}},"type":"if","locations":[{"start":{"line":143,"column":4},"end":{"line":143,"column":null}},{"start":{},"end":{}}],"line":143},"10":{"loc":{"start":{"line":144,"column":4},"end":{"line":144,"column":null}},"type":"if","locations":[{"start":{"line":144,"column":4},"end":{"line":144,"column":null}},{"start":{},"end":{}}],"line":144},"11":{"loc":{"start":{"line":151,"column":2},"end":{"line":151,"column":null}},"type":"if","locations":[{"start":{"line":151,"column":2},"end":{"line":151,"column":null}},{"start":{},"end":{}}],"line":151},"12":{"loc":{"start":{"line":180,"column":16},"end":{"line":180,"column":null}},"type":"cond-expr","locations":[{"start":{"line":180,"column":30},"end":{"line":180,"column":34}},{"start":{"line":180,"column":34},"end":{"line":180,"column":null}}],"line":180},"13":{"loc":{"start":{"line":198,"column":2},"end":{"line":200,"column":null}},"type":"if","locations":[{"start":{"line":198,"column":2},"end":{"line":200,"column":null}},{"start":{},"end":{}}],"line":198},"14":{"loc":{"start":{"line":203,"column":4},"end":{"line":203,"column":null}},"type":"if","locations":[{"start":{"line":203,"column":4},"end":{"line":203,"column":null}},{"start":{},"end":{}}],"line":203},"15":{"loc":{"start":{"line":204,"column":4},"end":{"line":204,"column":null}},"type":"if","locations":[{"start":{"line":204,"column":4},"end":{"line":204,"column":null}},{"start":{},"end":{}}],"line":204},"16":{"loc":{"start":{"line":211,"column":4},"end":{"line":211,"column":null}},"type":"if","locations":[{"start":{"line":211,"column":4},"end":{"line":211,"column":null}},{"start":{},"end":{}}],"line":211}},"s":{"0":11,"1":11,"2":139,"3":5,"4":6,"5":2,"6":2,"7":2,"8":1,"9":1,"10":2,"11":2,"12":1,"13":1,"14":0,"15":34,"16":7,"17":7,"18":7,"19":4,"20":3,"21":6,"22":6,"23":13,"24":13,"25":6,"26":7,"27":6,"28":6,"29":7,"30":7,"31":13,"32":7,"33":12,"34":6,"35":2,"36":4,"37":4,"38":3,"39":1,"40":1,"41":0,"42":6,"43":1,"44":5,"45":6,"46":6,"47":6,"48":6,"49":6,"50":6,"51":6,"52":3,"53":1,"54":5,"55":2,"56":2,"57":2,"58":2,"59":1,"60":2,"61":2,"62":2,"63":14,"64":2,"65":2,"66":2,"67":9,"68":3,"69":9,"70":9,"71":2},"f":{"0":11,"1":2,"2":2,"3":2,"4":0,"5":34,"6":7,"7":6,"8":13,"9":12,"10":2,"11":4,"12":6,"13":6,"14":3,"15":5,"16":14},"b":{"0":[5,134],"1":[2,1],"2":[1,1],"3":[1,1],"4":[34,0],"5":[4,3],"6":[7,7,7],"7":[6,7],"8":[7,6],"9":[3,1],"10":[1,0],"11":[1,5],"12":[1,5],"13":[1,2],"14":[1,1],"15":[2,0],"16":[3,6]},"meta":{"lastBranch":17,"lastFunction":17,"lastStatement":72,"seen":{"f:30:16:30:28":0,"s:31:21:31:Infinity":0,"s:32:2:34:Infinity":1,"b:33:4:33:Infinity:undefined:undefined:undefined:undefined":0,"s:33:4:33:Infinity":2,"s:33:34:33:Infinity":3,"s:35:2:35:Infinity":4,"f:45:16:45:29":1,"s:46:2:46:Infinity":5,"b:46:9:46:44:46:44:46:Infinity":1,"f:53:16:53:27":2,"s:54:17:54:Infinity":6,"b:55:2:55:Infinity:undefined:undefined:undefined:undefined":2,"s:55:2:55:Infinity":7,"s:55:38:55:Infinity":8,"s:56:2:56:Infinity":9,"f:63:16:63:31":3,"s:64:17:64:Infinity":10,"b:65:2:65:Infinity:undefined:undefined:undefined:undefined":3,"s:65:2:65:Infinity":11,"s:65:38:65:Infinity":12,"s:66:2:72:Infinity":13,"f:76:16:76:29":4,"s:77:2:77:Infinity":14,"f:80:9:80:22":5,"s:81:2:81:Infinity":15,"b:81:9:81:30:81:30:81:Infinity":4,"f:84:9:84:21":6,"s:85:13:85:Infinity":16,"s:86:13:86:Infinity":17,"b:88:2:88:Infinity:undefined:undefined:undefined:undefined":5,"s:88:2:88:Infinity":18,"b:88:6:88:26:88:26:88:46:88:46:88:57":6,"s:88:57:88:Infinity":19,"s:89:2:89:Infinity":20,"f:100:16:100:30":7,"s:101:19:101:Infinity":21,"s:102:2:106:Infinity":22,"s:103:21:103:Infinity":23,"b:104:4:105:Infinity:105:9:105:Infinity":7,"s:104:4:105:Infinity":24,"s:104:18:104:Infinity":25,"s:105:9:105:Infinity":26,"s:108:32:108:Infinity":27,"s:109:2:127:Infinity":28,"s:110:20:110:Infinity":29,"s:111:23:117:Infinity":30,"f:111:31:111:Infinity":8,"s:113:8:115:Infinity":31,"b:114:12:114:Infinity:115:12:115:Infinity":8,"s:118:4:126:Infinity":32,"f:125:31:125:37":9,"s:125:46:125:63":33,"s:128:2:128:Infinity":34,"f:139:16:139:33":10,"s:140:2:146:Infinity":35,"f:140:21:140:27":11,"s:142:6:142:Infinity":36,"b:143:4:143:Infinity:undefined:undefined:undefined:undefined":9,"s:143:4:143:Infinity":37,"s:143:26:143:Infinity":38,"b:144:4:144:Infinity:undefined:undefined:undefined:undefined":10,"s:144:4:144:Infinity":39,"s:144:37:144:Infinity":40,"s:145:4:145:Infinity":41,"f:150:9:150:19":12,"b:151:2:151:Infinity:undefined:undefined:undefined:undefined":11,"s:151:2:151:Infinity":42,"s:151:30:151:Infinity":43,"s:152:2:152:Infinity":44,"f:164:16:164:Infinity":13,"s:169:15:169:Infinity":45,"s:170:16:170:Infinity":46,"s:171:21:171:Infinity":47,"s:172:18:172:Infinity":48,"s:173:8:173:Infinity":49,"s:174:16:174:Infinity":50,"s:175:2:182:Infinity":51,"b:180:30:180:34:180:34:180:Infinity":12,"f:194:16:194:Infinity":14,"b:198:2:200:Infinity:undefined:undefined:undefined:undefined":13,"s:198:2:200:Infinity":52,"s:199:4:199:Infinity":53,"f:199:43:199:47":15,"s:199:56:199:61":54,"s:201:16:201:Infinity":55,"s:202:2:205:Infinity":56,"s:202:20:202:23":57,"b:203:4:203:Infinity:undefined:undefined:undefined:undefined":14,"s:203:4:203:Infinity":58,"s:203:30:203:Infinity":59,"b:204:4:204:Infinity:undefined:undefined:undefined:undefined":15,"s:204:4:204:Infinity":60,"s:204:39:204:Infinity":61,"s:206:18:206:Infinity":62,"f:206:29:206:35":16,"s:206:44:206:49":63,"s:208:45:208:Infinity":64,"s:209:17:209:Infinity":65,"s:210:2:214:Infinity":66,"b:211:4:211:Infinity:undefined:undefined:undefined:undefined":16,"s:211:4:211:Infinity":67,"s:211:29:211:Infinity":68,"s:212:4:212:Infinity":69,"s:213:4:213:Infinity":70,"s:215:2:215:Infinity":71},"fnNames":{}}}
}
